2023-03-25 23:05:19 INFO  myhook.c:44: 用于 Hook 的 dll 文件已在进程中载入
2023-03-25 23:05:19 INFO  myhook.c:69: 您的账号是: 2224825532
2023-03-25 23:05:22 INFO  myhook.c:104: MyTeaEncrypt 加密Key: C2 26 F2 7E 58 64 8F 9A 36 6F 49 12 37 9D 23 F3 
2023-03-25 23:05:28 INFO  myhook.c:104: MyTeaEncrypt 加密Key: 5C 7B 8A 08 92 CF E9 9B 55 1A E1 FF E2 16 0C F3 
2023-03-25 23:05:36 INFO  myhook.c:104: MyTeaEncrypt 加密Key: C2 26 F2 7E 58 64 8F 9A 36 6F 49 12 37 9D 23 F3 
2023-03-25 23:05:36 INFO  myhook.c:104: MyTeaEncrypt 加密Key: C2 26 F2 7E 58 64 8F 9A 36 6F 49 12 37 9D 23 F3 
2023-03-25 23:05:37 INFO  myhook.c:104: MyTeaEncrypt 加密Key: C2 26 F2 7E 58 64 8F 9A 36 6F 49 12 37 9D 23 F3 
2023-03-25 23:05:37 INFO  myhook.c:104: MyTeaEncrypt 加密Key: C2 26 F2 7E 58 64 8F 9A 36 6F 49 12 37 9D 23 F3 
2023-03-25 23:05:37 INFO  myhook.c:104: MyTeaEncrypt 加密Key: 38 75 4D 42 59 78 4A 46 42 79 76 43 7A 78 69 53 
2023-03-25 23:05:37 INFO  myhook.c:104: MyTeaEncrypt 加密Key: C2 26 F2 7E 58 64 8F 9A 36 6F 49 12 37 9D 23 F3 
2023-03-25 23:05:37 INFO  myhook.c:104: MyTeaEncrypt 加密Key: C2 26 F2 7E 58 64 8F 9A 36 6F 49 12 37 9D 23 F3 
2023-03-25 23:05:37 INFO  myhook.c:104: MyTeaEncrypt 加密Key: C2 26 F2 7E 58 64 8F 9A 36 6F 49 12 37 9D 23 F3 
2023-03-25 23:05:37 INFO  myhook.c:104: MyTeaEncrypt 加密Key: C2 26 F2 7E 58 64 8F 9A 36 6F 49 12 37 9D 23 F3 
2023-03-25 23:05:37 INFO  myhook.c:104: MyTeaEncrypt 加密Key: C2 26 F2 7E 58 64 8F 9A 36 6F 49 12 37 9D 23 F3 
2023-03-25 23:05:37 INFO  myhook.c:104: MyTeaEncrypt 加密Key: C2 26 F2 7E 58 64 8F 9A 36 6F 49 12 37 9D 23 F3 
2023-03-25 23:05:37 INFO  myhook.c:104: MyTeaEncrypt 加密Key: C2 26 F2 7E 58 64 8F 9A 36 6F 49 12 37 9D 23 F3 
2023-03-25 23:05:37 INFO  myhook.c:104: MyTeaEncrypt 加密Key: 38 75 4D 42 59 78 4A 46 42 79 76 43 7A 78 69 53 
2023-03-25 23:05:37 INFO  myhook.c:104: MyTeaEncrypt 加密Key: C2 26 F2 7E 58 64 8F 9A 36 6F 49 12 37 9D 23 F3 
2023-03-25 23:05:37 INFO  myhook.c:104: MyTeaEncrypt 加密Key: C2 26 F2 7E 58 64 8F 9A 36 6F 49 12 37 9D 23 F3 
2023-03-25 23:05:37 INFO  myhook.c:104: MyTeaEncrypt 加密Key: 5C 7B 8A 08 92 CF E9 9B 55 1A E1 FF E2 16 0C F3 
2023-03-25 23:05:37 INFO  myhook.c:104: MyTeaEncrypt 加密Key: C2 26 F2 7E 58 64 8F 9A 36 6F 49 12 37 9D 23 F3 
2023-03-25 23:05:37 INFO  myhook.c:104: MyTeaEncrypt 加密Key: C2 26 F2 7E 58 64 8F 9A 36 6F 49 12 37 9D 23 F3 
2023-03-25 23:05:37 INFO  myhook.c:104: MyTeaEncrypt 加密Key: C2 26 F2 7E 58 64 8F 9A 36 6F 49 12 37 9D 23 F3 
2023-03-25 23:05:37 INFO  myhook.c:104: MyTeaEncrypt 加密Key: C2 26 F2 7E 58 64 8F 9A 36 6F 49 12 37 9D 23 F3 
2023-03-25 23:05:37 INFO  myhook.c:104: MyTeaEncrypt 加密Key: C2 26 F2 7E 58 64 8F 9A 36 6F 49 12 37 9D 23 F3 
2023-03-25 23:05:37 INFO  myhook.c:104: MyTeaEncrypt 加密Key: 38 75 4D 42 59 78 4A 46 42 79 76 43 7A 78 69 53 
2023-03-25 23:05:37 INFO  myhook.c:104: MyTeaEncrypt 加密Key: C2 26 F2 7E 58 64 8F 9A 36 6F 49 12 37 9D 23 F3 
2023-03-25 23:05:37 INFO  myhook.c:104: MyTeaEncrypt 加密Key: C2 26 F2 7E 58 64 8F 9A 36 6F 49 12 37 9D 23 F3 
2023-03-25 23:05:37 INFO  myhook.c:104: MyTeaEncrypt 加密Key: C2 26 F2 7E 58 64 8F 9A 36 6F 49 12 37 9D 23 F3 
2023-03-25 23:05:37 INFO  myhook.c:104: MyTeaEncrypt 加密Key: C2 26 F2 7E 58 64 8F 9A 36 6F 49 12 37 9D 23 F3 
2023-03-25 23:05:37 INFO  myhook.c:104: MyTeaEncrypt 加密Key: C2 26 F2 7E 58 64 8F 9A 36 6F 49 12 37 9D 23 F3 
2023-03-25 23:05:37 INFO  myhook.c:104: MyTeaEncrypt 加密Key: C2 26 F2 7E 58 64 8F 9A 36 6F 49 12 37 9D 23 F3 
2023-03-25 23:05:37 INFO  myhook.c:104: MyTeaEncrypt 加密Key: C2 26 F2 7E 58 64 8F 9A 36 6F 49 12 37 9D 23 F3 
2023-03-25 23:05:37 INFO  myhook.c:104: MyTeaEncrypt 加密Key: 38 75 4D 42 59 78 4A 46 42 79 76 43 7A 78 69 53 
2023-03-25 23:05:37 INFO  myhook.c:104: MyTeaEncrypt 加密Key: C2 26 F2 7E 58 64 8F 9A 36 6F 49 12 37 9D 23 F3 
2023-03-25 23:05:37 INFO  myhook.c:104: MyTeaEncrypt 加密Key: C2 26 F2 7E 58 64 8F 9A 36 6F 49 12 37 9D 23 F3 
2023-03-25 23:05:37 INFO  myhook.c:104: MyTeaEncrypt 加密Key: C2 26 F2 7E 58 64 8F 9A 36 6F 49 12 37 9D 23 F3 
2023-03-25 23:05:37 INFO  myhook.c:104: MyTeaEncrypt 加密Key: C2 26 F2 7E 58 64 8F 9A 36 6F 49 12 37 9D 23 F3 
2023-03-25 23:05:37 INFO  myhook.c:104: MyTeaEncrypt 加密Key: C2 26 F2 7E 58 64 8F 9A 36 6F 49 12 37 9D 23 F3 
2023-03-25 23:05:37 INFO  myhook.c:104: MyTeaEncrypt 加密Key: C2 26 F2 7E 58 64 8F 9A 36 6F 49 12 37 9D 23 F3 
2023-03-25 23:05:37 INFO  myhook.c:104: MyTeaEncrypt 加密Key: C2 26 F2 7E 58 64 8F 9A 36 6F 49 12 37 9D 23 F3 
2023-03-25 23:05:37 INFO  myhook.c:104: MyTeaEncrypt 加密Key: C2 26 F2 7E 58 64 8F 9A 36 6F 49 12 37 9D 23 F3 
2023-03-25 23:05:37 INFO  myhook.c:104: MyTeaEncrypt 加密Key: C2 26 F2 7E 58 64 8F 9A 36 6F 49 12 37 9D 23 F3 
2023-03-25 23:05:37 INFO  myhook.c:104: MyTeaEncrypt 加密Key: C2 26 F2 7E 58 64 8F 9A 36 6F 49 12 37 9D 23 F3 
2023-03-25 23:05:37 INFO  myhook.c:104: MyTeaEncrypt 加密Key: C2 26 F2 7E 58 64 8F 9A 36 6F 49 12 37 9D 23 F3 
2023-03-25 23:05:37 INFO  myhook.c:104: MyTeaEncrypt 加密Key: C2 26 F2 7E 58 64 8F 9A 36 6F 49 12 37 9D 23 F3 
2023-03-25 23:05:38 INFO  myhook.c:104: MyTeaEncrypt 加密Key: C2 26 F2 7E 58 64 8F 9A 36 6F 49 12 37 9D 23 F3 
2023-03-25 23:05:38 INFO  myhook.c:104: MyTeaEncrypt 加密Key: C2 26 F2 7E 58 64 8F 9A 36 6F 49 12 37 9D 23 F3 
2023-03-25 23:05:38 INFO  myhook.c:104: MyTeaEncrypt 加密Key: C2 26 F2 7E 58 64 8F 9A 36 6F 49 12 37 9D 23 F3 
2023-03-25 23:05:38 INFO  myhook.c:104: MyTeaEncrypt 加密Key: C2 26 F2 7E 58 64 8F 9A 36 6F 49 12 37 9D 23 F3 
2023-03-25 23:05:38 INFO  myhook.c:104: MyTeaEncrypt 加密Key: C2 26 F2 7E 58 64 8F 9A 36 6F 49 12 37 9D 23 F3 
2023-03-25 23:05:38 INFO  myhook.c:104: MyTeaEncrypt 加密Key: C2 26 F2 7E 58 64 8F 9A 36 6F 49 12 37 9D 23 F3 
2023-03-25 23:05:38 INFO  myhook.c:104: MyTeaEncrypt 加密Key: 38 75 4D 42 59 78 4A 46 42 79 76 43 7A 78 69 53 
2023-03-25 23:05:38 INFO  myhook.c:104: MyTeaEncrypt 加密Key: C2 26 F2 7E 58 64 8F 9A 36 6F 49 12 37 9D 23 F3 
2023-03-25 23:05:38 INFO  myhook.c:104: MyTeaEncrypt 加密Key: 5C 7B 8A 08 92 CF E9 9B 55 1A E1 FF E2 16 0C F3 
2023-03-25 23:05:38 INFO  myhook.c:104: MyTeaEncrypt 加密Key: C2 26 F2 7E 58 64 8F 9A 36 6F 49 12 37 9D 23 F3 
2023-03-25 23:05:38 INFO  myhook.c:104: MyTeaEncrypt 加密Key: 38 75 4D 42 59 78 4A 46 42 79 76 43 7A 78 69 53 
2023-03-25 23:05:38 INFO  myhook.c:104: MyTeaEncrypt 加密Key: C2 26 F2 7E 58 64 8F 9A 36 6F 49 12 37 9D 23 F3 
2023-03-25 23:05:38 INFO  myhook.c:104: MyTeaEncrypt 加密Key: C2 26 F2 7E 58 64 8F 9A 36 6F 49 12 37 9D 23 F3 
2023-03-25 23:05:38 INFO  myhook.c:104: MyTeaEncrypt 加密Key: C2 26 F2 7E 58 64 8F 9A 36 6F 49 12 37 9D 23 F3 
2023-03-25 23:05:38 INFO  myhook.c:104: MyTeaEncrypt 加密Key: 5C 7B 8A 08 92 CF E9 9B 55 1A E1 FF E2 16 0C F3 
2023-03-25 23:05:38 INFO  myhook.c:104: MyTeaEncrypt 加密Key: C2 26 F2 7E 58 64 8F 9A 36 6F 49 12 37 9D 23 F3 
2023-03-25 23:05:38 INFO  myhook.c:104: MyTeaEncrypt 加密Key: 5C 7B 8A 08 92 CF E9 9B 55 1A E1 FF E2 16 0C F3 
2023-03-25 23:05:38 INFO  myhook.c:104: MyTeaEncrypt 加密Key: C2 26 F2 7E 58 64 8F 9A 36 6F 49 12 37 9D 23 F3 
2023-03-25 23:05:38 INFO  myhook.c:104: MyTeaEncrypt 加密Key: C2 26 F2 7E 58 64 8F 9A 36 6F 49 12 37 9D 23 F3 
2023-03-25 23:05:38 INFO  myhook.c:104: MyTeaEncrypt 加密Key: C2 26 F2 7E 58 64 8F 9A 36 6F 49 12 37 9D 23 F3 
2023-03-25 23:05:38 INFO  myhook.c:104: MyTeaEncrypt 加密Key: C2 26 F2 7E 58 64 8F 9A 36 6F 49 12 37 9D 23 F3 
2023-03-25 23:05:38 INFO  myhook.c:104: MyTeaEncrypt 加密Key: C2 26 F2 7E 58 64 8F 9A 36 6F 49 12 37 9D 23 F3 
2023-03-25 23:05:38 INFO  myhook.c:104: MyTeaEncrypt 加密Key: C2 26 F2 7E 58 64 8F 9A 36 6F 49 12 37 9D 23 F3 
2023-03-25 23:05:38 INFO  myhook.c:104: MyTeaEncrypt 加密Key: C2 26 F2 7E 58 64 8F 9A 36 6F 49 12 37 9D 23 F3 
2023-03-25 23:05:38 INFO  myhook.c:104: MyTeaEncrypt 加密Key: C2 26 F2 7E 58 64 8F 9A 36 6F 49 12 37 9D 23 F3 
2023-03-25 23:05:38 INFO  myhook.c:104: MyTeaEncrypt 加密Key: C2 26 F2 7E 58 64 8F 9A 36 6F 49 12 37 9D 23 F3 
2023-03-25 23:05:38 INFO  myhook.c:104: MyTeaEncrypt 加密Key: C2 26 F2 7E 58 64 8F 9A 36 6F 49 12 37 9D 23 F3 
2023-03-25 23:05:38 INFO  myhook.c:104: MyTeaEncrypt 加密Key: C2 26 F2 7E 58 64 8F 9A 36 6F 49 12 37 9D 23 F3 
2023-03-25 23:05:38 INFO  myhook.c:104: MyTeaEncrypt 加密Key: C2 26 F2 7E 58 64 8F 9A 36 6F 49 12 37 9D 23 F3 
2023-03-25 23:05:38 INFO  myhook.c:104: MyTeaEncrypt 加密Key: C2 26 F2 7E 58 64 8F 9A 36 6F 49 12 37 9D 23 F3 
2023-03-25 23:05:38 INFO  myhook.c:104: MyTeaEncrypt 加密Key: 5C 7B 8A 08 92 CF E9 9B 55 1A E1 FF E2 16 0C F3 
2023-03-25 23:05:38 INFO  myhook.c:104: MyTeaEncrypt 加密Key: C2 26 F2 7E 58 64 8F 9A 36 6F 49 12 37 9D 23 F3 
2023-03-25 23:05:39 INFO  myhook.c:104: MyTeaEncrypt 加密Key: C2 26 F2 7E 58 64 8F 9A 36 6F 49 12 37 9D 23 F3 
2023-03-25 23:05:39 INFO  myhook.c:104: MyTeaEncrypt 加密Key: C2 26 F2 7E 58 64 8F 9A 36 6F 49 12 37 9D 23 F3 
2023-03-25 23:05:39 INFO  myhook.c:104: MyTeaEncrypt 加密Key: C2 26 F2 7E 58 64 8F 9A 36 6F 49 12 37 9D 23 F3 
2023-03-25 23:05:39 INFO  myhook.c:104: MyTeaEncrypt 加密Key: C2 26 F2 7E 58 64 8F 9A 36 6F 49 12 37 9D 23 F3 
2023-03-25 23:05:39 INFO  myhook.c:104: MyTeaEncrypt 加密Key: C2 26 F2 7E 58 64 8F 9A 36 6F 49 12 37 9D 23 F3 
2023-03-25 23:05:39 INFO  myhook.c:104: MyTeaEncrypt 加密Key: C2 26 F2 7E 58 64 8F 9A 36 6F 49 12 37 9D 23 F3 
2023-03-25 23:05:39 INFO  myhook.c:104: MyTeaEncrypt 加密Key: C2 26 F2 7E 58 64 8F 9A 36 6F 49 12 37 9D 23 F3 
2023-03-25 23:05:39 INFO  myhook.c:104: MyTeaEncrypt 加密Key: C2 26 F2 7E 58 64 8F 9A 36 6F 49 12 37 9D 23 F3 
2023-03-25 23:05:39 INFO  myhook.c:104: MyTeaEncrypt 加密Key: C2 26 F2 7E 58 64 8F 9A 36 6F 49 12 37 9D 23 F3 
2023-03-25 23:05:39 INFO  myhook.c:104: MyTeaEncrypt 加密Key: C2 26 F2 7E 58 64 8F 9A 36 6F 49 12 37 9D 23 F3 
2023-03-25 23:05:39 INFO  myhook.c:104: MyTeaEncrypt 加密Key: C2 26 F2 7E 58 64 8F 9A 36 6F 49 12 37 9D 23 F3 
2023-03-25 23:05:39 INFO  myhook.c:104: MyTeaEncrypt 加密Key: C2 26 F2 7E 58 64 8F 9A 36 6F 49 12 37 9D 23 F3 
2023-03-25 23:05:39 INFO  myhook.c:104: MyTeaEncrypt 加密Key: C2 26 F2 7E 58 64 8F 9A 36 6F 49 12 37 9D 23 F3 
2023-03-25 23:05:39 INFO  myhook.c:104: MyTeaEncrypt 加密Key: C2 26 F2 7E 58 64 8F 9A 36 6F 49 12 37 9D 23 F3 
2023-03-25 23:05:39 INFO  myhook.c:104: MyTeaEncrypt 加密Key: C2 26 F2 7E 58 64 8F 9A 36 6F 49 12 37 9D 23 F3 
2023-03-25 23:05:39 INFO  myhook.c:104: MyTeaEncrypt 加密Key: C2 26 F2 7E 58 64 8F 9A 36 6F 49 12 37 9D 23 F3 
2023-03-25 23:05:39 INFO  myhook.c:104: MyTeaEncrypt 加密Key: C2 26 F2 7E 58 64 8F 9A 36 6F 49 12 37 9D 23 F3 
2023-03-25 23:05:39 INFO  myhook.c:104: MyTeaEncrypt 加密Key: C2 26 F2 7E 58 64 8F 9A 36 6F 49 12 37 9D 23 F3 
2023-03-25 23:05:39 INFO  myhook.c:104: MyTeaEncrypt 加密Key: C2 26 F2 7E 58 64 8F 9A 36 6F 49 12 37 9D 23 F3 
2023-03-25 23:05:39 INFO  myhook.c:104: MyTeaEncrypt 加密Key: C2 26 F2 7E 58 64 8F 9A 36 6F 49 12 37 9D 23 F3 
2023-03-25 23:05:39 INFO  myhook.c:104: MyTeaEncrypt 加密Key: C2 26 F2 7E 58 64 8F 9A 36 6F 49 12 37 9D 23 F3 
2023-03-25 23:05:39 INFO  myhook.c:104: MyTeaEncrypt 加密Key: C2 26 F2 7E 58 64 8F 9A 36 6F 49 12 37 9D 23 F3 
2023-03-25 23:05:39 INFO  myhook.c:104: MyTeaEncrypt 加密Key: C2 26 F2 7E 58 64 8F 9A 36 6F 49 12 37 9D 23 F3 
2023-03-25 23:05:39 INFO  myhook.c:104: MyTeaEncrypt 加密Key: C2 26 F2 7E 58 64 8F 9A 36 6F 49 12 37 9D 23 F3 
2023-03-25 23:05:39 INFO  myhook.c:104: MyTeaEncrypt 加密Key: C2 26 F2 7E 58 64 8F 9A 36 6F 49 12 37 9D 23 F3 
2023-03-25 23:05:39 INFO  myhook.c:104: MyTeaEncrypt 加密Key: C2 26 F2 7E 58 64 8F 9A 36 6F 49 12 37 9D 23 F3 
2023-03-25 23:05:39 INFO  myhook.c:104: MyTeaEncrypt 加密Key: C2 26 F2 7E 58 64 8F 9A 36 6F 49 12 37 9D 23 F3 
2023-03-25 23:05:39 INFO  myhook.c:104: MyTeaEncrypt 加密Key: C2 26 F2 7E 58 64 8F 9A 36 6F 49 12 37 9D 23 F3 
2023-03-25 23:05:39 INFO  myhook.c:104: MyTeaEncrypt 加密Key: C2 26 F2 7E 58 64 8F 9A 36 6F 49 12 37 9D 23 F3 
2023-03-25 23:05:39 INFO  myhook.c:104: MyTeaEncrypt 加密Key: C2 26 F2 7E 58 64 8F 9A 36 6F 49 12 37 9D 23 F3 
2023-03-25 23:05:43 INFO  myhook.c:104: MyTeaEncrypt 加密Key: 38 75 4D 42 59 78 4A 46 42 79 76 43 7A 78 69 53 
2023-03-25 23:05:43 INFO  myhook.c:104: MyTeaEncrypt 加密Key: C2 26 F2 7E 58 64 8F 9A 36 6F 49 12 37 9D 23 F3 
2023-03-25 23:05:44 INFO  myhook.c:104: MyTeaEncrypt 加密Key: C2 26 F2 7E 58 64 8F 9A 36 6F 49 12 37 9D 23 F3 
2023-03-25 23:05:50 INFO  myhook.c:104: MyTeaEncrypt 加密Key: C2 26 F2 7E 58 64 8F 9A 36 6F 49 12 37 9D 23 F3 
2023-03-25 23:05:50 INFO  myhook.c:104: MyTeaEncrypt 加密Key: C2 26 F2 7E 58 64 8F 9A 36 6F 49 12 37 9D 23 F3 
2023-03-25 23:05:51 INFO  myhook.c:104: MyTeaEncrypt 加密Key: C2 26 F2 7E 58 64 8F 9A 36 6F 49 12 37 9D 23 F3 
2023-03-25 23:05:51 INFO  myhook.c:104: MyTeaEncrypt 加密Key: C2 26 F2 7E 58 64 8F 9A 36 6F 49 12 37 9D 23 F3 
2023-03-25 23:06:06 INFO  myhook.c:104: MyTeaEncrypt 加密Key: 5C 7B 8A 08 92 CF E9 9B 55 1A E1 FF E2 16 0C F3 
2023-03-25 23:06:06 INFO  myhook.c:104: MyTeaEncrypt 加密Key: 5C 7B 8A 08 92 CF E9 9B 55 1A E1 FF E2 16 0C F3 
2023-03-25 23:06:06 INFO  myhook.c:104: MyTeaEncrypt 加密Key: C2 26 F2 7E 58 64 8F 9A 36 6F 49 12 37 9D 23 F3 
2023-03-25 23:06:07 INFO  myhook.c:104: MyTeaEncrypt 加密Key: C2 26 F2 7E 58 64 8F 9A 36 6F 49 12 37 9D 23 F3 
2023-03-25 23:06:07 INFO  myhook.c:104: MyTeaEncrypt 加密Key: C2 26 F2 7E 58 64 8F 9A 36 6F 49 12 37 9D 23 F3 
2023-03-25 23:06:07 INFO  myhook.c:104: MyTeaEncrypt 加密Key: C2 26 F2 7E 58 64 8F 9A 36 6F 49 12 37 9D 23 F3 
2023-03-25 23:06:07 INFO  myhook.c:104: MyTeaEncrypt 加密Key: C2 26 F2 7E 58 64 8F 9A 36 6F 49 12 37 9D 23 F3 
2023-03-25 23:06:07 INFO  myhook.c:104: MyTeaEncrypt 加密Key: 5C 7B 8A 08 92 CF E9 9B 55 1A E1 FF E2 16 0C F3 
2023-03-25 23:06:07 INFO  myhook.c:104: MyTeaEncrypt 加密Key: 5C 7B 8A 08 92 CF E9 9B 55 1A E1 FF E2 16 0C F3 
2023-03-25 23:06:07 INFO  myhook.c:104: MyTeaEncrypt 加密Key: 5C 7B 8A 08 92 CF E9 9B 55 1A E1 FF E2 16 0C F3 
2023-03-25 23:06:07 INFO  myhook.c:104: MyTeaEncrypt 加密Key: 5C 7B 8A 08 92 CF E9 9B 55 1A E1 FF E2 16 0C F3 
2023-03-25 23:06:07 INFO  myhook.c:104: MyTeaEncrypt 加密Key: 5C 7B 8A 08 92 CF E9 9B 55 1A E1 FF E2 16 0C F3 
2023-03-25 23:06:07 INFO  myhook.c:104: MyTeaEncrypt 加密Key: 5C 7B 8A 08 92 CF E9 9B 55 1A E1 FF E2 16 0C F3 
2023-03-25 23:06:07 INFO  myhook.c:104: MyTeaEncrypt 加密Key: 5C 7B 8A 08 92 CF E9 9B 55 1A E1 FF E2 16 0C F3 
2023-03-25 23:06:07 INFO  myhook.c:104: MyTeaEncrypt 加密Key: 5C 7B 8A 08 92 CF E9 9B 55 1A E1 FF E2 16 0C F3 
2023-03-25 23:06:07 INFO  myhook.c:104: MyTeaEncrypt 加密Key: 5C 7B 8A 08 92 CF E9 9B 55 1A E1 FF E2 16 0C F3 
2023-03-25 23:06:07 INFO  myhook.c:104: MyTeaEncrypt 加密Key: 5C 7B 8A 08 92 CF E9 9B 55 1A E1 FF E2 16 0C F3 
2023-03-25 23:06:07 INFO  myhook.c:104: MyTeaEncrypt 加密Key: 5C 7B 8A 08 92 CF E9 9B 55 1A E1 FF E2 16 0C F3 
2023-03-25 23:06:07 INFO  myhook.c:104: MyTeaEncrypt 加密Key: 5C 7B 8A 08 92 CF E9 9B 55 1A E1 FF E2 16 0C F3 
2023-03-25 23:06:07 INFO  myhook.c:104: MyTeaEncrypt 加密Key: 5C 7B 8A 08 92 CF E9 9B 55 1A E1 FF E2 16 0C F3 
2023-03-25 23:06:07 INFO  myhook.c:104: MyTeaEncrypt 加密Key: 5C 7B 8A 08 92 CF E9 9B 55 1A E1 FF E2 16 0C F3 
2023-03-25 23:06:07 INFO  myhook.c:104: MyTeaEncrypt 加密Key: 5C 7B 8A 08 92 CF E9 9B 55 1A E1 FF E2 16 0C F3 
2023-03-25 23:06:07 INFO  myhook.c:104: MyTeaEncrypt 加密Key: 5C 7B 8A 08 92 CF E9 9B 55 1A E1 FF E2 16 0C F3 
2023-03-25 23:06:07 INFO  myhook.c:104: MyTeaEncrypt 加密Key: 5C 7B 8A 08 92 CF E9 9B 55 1A E1 FF E2 16 0C F3 
2023-03-25 23:06:07 INFO  myhook.c:104: MyTeaEncrypt 加密Key: 5C 7B 8A 08 92 CF E9 9B 55 1A E1 FF E2 16 0C F3 
2023-03-25 23:06:07 INFO  myhook.c:104: MyTeaEncrypt 加密Key: 5C 7B 8A 08 92 CF E9 9B 55 1A E1 FF E2 16 0C F3 
2023-03-25 23:06:07 INFO  myhook.c:104: MyTeaEncrypt 加密Key: 5C 7B 8A 08 92 CF E9 9B 55 1A E1 FF E2 16 0C F3 
2023-03-25 23:06:07 INFO  myhook.c:104: MyTeaEncrypt 加密Key: 5C 7B 8A 08 92 CF E9 9B 55 1A E1 FF E2 16 0C F3 
2023-03-25 23:06:07 INFO  myhook.c:104: MyTeaEncrypt 加密Key: 5C 7B 8A 08 92 CF E9 9B 55 1A E1 FF E2 16 0C F3 
2023-03-25 23:06:07 INFO  myhook.c:104: MyTeaEncrypt 加密Key: 5C 7B 8A 08 92 CF E9 9B 55 1A E1 FF E2 16 0C F3 
2023-03-25 23:06:07 INFO  myhook.c:104: MyTeaEncrypt 加密Key: 5C 7B 8A 08 92 CF E9 9B 55 1A E1 FF E2 16 0C F3 
2023-03-25 23:06:07 INFO  myhook.c:104: MyTeaEncrypt 加密Key: 5C 7B 8A 08 92 CF E9 9B 55 1A E1 FF E2 16 0C F3 
2023-03-25 23:06:07 INFO  myhook.c:104: MyTeaEncrypt 加密Key: 5C 7B 8A 08 92 CF E9 9B 55 1A E1 FF E2 16 0C F3 
2023-03-25 23:06:07 INFO  myhook.c:104: MyTeaEncrypt 加密Key: 5C 7B 8A 08 92 CF E9 9B 55 1A E1 FF E2 16 0C F3 
2023-03-25 23:06:07 INFO  myhook.c:104: MyTeaEncrypt 加密Key: 5C 7B 8A 08 92 CF E9 9B 55 1A E1 FF E2 16 0C F3 
2023-03-25 23:06:07 INFO  myhook.c:104: MyTeaEncrypt 加密Key: 5C 7B 8A 08 92 CF E9 9B 55 1A E1 FF E2 16 0C F3 
2023-03-25 23:06:07 INFO  myhook.c:104: MyTeaEncrypt 加密Key: 5C 7B 8A 08 92 CF E9 9B 55 1A E1 FF E2 16 0C F3 
2023-03-25 23:06:07 INFO  myhook.c:104: MyTeaEncrypt 加密Key: 5C 7B 8A 08 92 CF E9 9B 55 1A E1 FF E2 16 0C F3 
2023-03-25 23:06:07 INFO  myhook.c:104: MyTeaEncrypt 加密Key: 5C 7B 8A 08 92 CF E9 9B 55 1A E1 FF E2 16 0C F3 
2023-03-25 23:06:07 INFO  myhook.c:104: MyTeaEncrypt 加密Key: 5C 7B 8A 08 92 CF E9 9B 55 1A E1 FF E2 16 0C F3 
2023-03-25 23:06:07 INFO  myhook.c:104: MyTeaEncrypt 加密Key: 5C 7B 8A 08 92 CF E9 9B 55 1A E1 FF E2 16 0C F3 
2023-03-25 23:06:07 INFO  myhook.c:104: MyTeaEncrypt 加密Key: 5C 7B 8A 08 92 CF E9 9B 55 1A E1 FF E2 16 0C F3 
2023-03-25 23:06:07 INFO  myhook.c:104: MyTeaEncrypt 加密Key: 5C 7B 8A 08 92 CF E9 9B 55 1A E1 FF E2 16 0C F3 
2023-03-25 23:06:07 INFO  myhook.c:104: MyTeaEncrypt 加密Key: 5C 7B 8A 08 92 CF E9 9B 55 1A E1 FF E2 16 0C F3 
2023-03-25 23:06:07 INFO  myhook.c:104: MyTeaEncrypt 加密Key: 5C 7B 8A 08 92 CF E9 9B 55 1A E1 FF E2 16 0C F3 
2023-03-25 23:06:07 INFO  myhook.c:104: MyTeaEncrypt 加密Key: 5C 7B 8A 08 92 CF E9 9B 55 1A E1 FF E2 16 0C F3 
2023-03-25 23:06:07 INFO  myhook.c:104: MyTeaEncrypt 加密Key: 5C 7B 8A 08 92 CF E9 9B 55 1A E1 FF E2 16 0C F3 
2023-03-25 23:06:07 INFO  myhook.c:104: MyTeaEncrypt 加密Key: 5C 7B 8A 08 92 CF E9 9B 55 1A E1 FF E2 16 0C F3 
2023-03-25 23:06:07 INFO  myhook.c:104: MyTeaEncrypt 加密Key: 5C 7B 8A 08 92 CF E9 9B 55 1A E1 FF E2 16 0C F3 
2023-03-25 23:06:07 INFO  myhook.c:104: MyTeaEncrypt 加密Key: 5C 7B 8A 08 92 CF E9 9B 55 1A E1 FF E2 16 0C F3 
2023-03-25 23:06:07 INFO  myhook.c:104: MyTeaEncrypt 加密Key: 5C 7B 8A 08 92 CF E9 9B 55 1A E1 FF E2 16 0C F3 
2023-03-25 23:06:07 INFO  myhook.c:104: MyTeaEncrypt 加密Key: 5C 7B 8A 08 92 CF E9 9B 55 1A E1 FF E2 16 0C F3 
2023-03-25 23:06:07 INFO  myhook.c:104: MyTeaEncrypt 加密Key: 5C 7B 8A 08 92 CF E9 9B 55 1A E1 FF E2 16 0C F3 
2023-03-25 23:06:07 INFO  myhook.c:104: MyTeaEncrypt 加密Key: 5C 7B 8A 08 92 CF E9 9B 55 1A E1 FF E2 16 0C F3 
2023-03-25 23:06:07 INFO  myhook.c:104: MyTeaEncrypt 加密Key: 5C 7B 8A 08 92 CF E9 9B 55 1A E1 FF E2 16 0C F3 
2023-03-25 23:06:07 INFO  myhook.c:104: MyTeaEncrypt 加密Key: 5C 7B 8A 08 92 CF E9 9B 55 1A E1 FF E2 16 0C F3 
2023-03-25 23:06:07 INFO  myhook.c:104: MyTeaEncrypt 加密Key: 5C 7B 8A 08 92 CF E9 9B 55 1A E1 FF E2 16 0C F3 
2023-03-25 23:06:07 INFO  myhook.c:104: MyTeaEncrypt 加密Key: 5C 7B 8A 08 92 CF E9 9B 55 1A E1 FF E2 16 0C F3 
2023-03-25 23:06:07 INFO  myhook.c:104: MyTeaEncrypt 加密Key: 5C 7B 8A 08 92 CF E9 9B 55 1A E1 FF E2 16 0C F3 
2023-03-25 23:06:07 INFO  myhook.c:104: MyTeaEncrypt 加密Key: 5C 7B 8A 08 92 CF E9 9B 55 1A E1 FF E2 16 0C F3 
2023-03-25 23:06:07 INFO  myhook.c:104: MyTeaEncrypt 加密Key: 5C 7B 8A 08 92 CF E9 9B 55 1A E1 FF E2 16 0C F3 
2023-03-25 23:06:07 INFO  myhook.c:104: MyTeaEncrypt 加密Key: 5C 7B 8A 08 92 CF E9 9B 55 1A E1 FF E2 16 0C F3 
2023-03-25 23:06:07 INFO  myhook.c:104: MyTeaEncrypt 加密Key: 5C 7B 8A 08 92 CF E9 9B 55 1A E1 FF E2 16 0C F3 
2023-03-25 23:06:07 INFO  myhook.c:104: MyTeaEncrypt 加密Key: 5C 7B 8A 08 92 CF E9 9B 55 1A E1 FF E2 16 0C F3 
2023-03-25 23:06:07 INFO  myhook.c:104: MyTeaEncrypt 加密Key: 5C 7B 8A 08 92 CF E9 9B 55 1A E1 FF E2 16 0C F3 
2023-03-25 23:06:07 INFO  myhook.c:104: MyTeaEncrypt 加密Key: 5C 7B 8A 08 92 CF E9 9B 55 1A E1 FF E2 16 0C F3 
2023-03-25 23:06:07 INFO  myhook.c:104: MyTeaEncrypt 加密Key: 5C 7B 8A 08 92 CF E9 9B 55 1A E1 FF E2 16 0C F3 
2023-03-25 23:06:07 INFO  myhook.c:104: MyTeaEncrypt 加密Key: 5C 7B 8A 08 92 CF E9 9B 55 1A E1 FF E2 16 0C F3 
2023-03-25 23:06:07 INFO  myhook.c:104: MyTeaEncrypt 加密Key: 5C 7B 8A 08 92 CF E9 9B 55 1A E1 FF E2 16 0C F3 
2023-03-25 23:06:07 INFO  myhook.c:104: MyTeaEncrypt 加密Key: 5C 7B 8A 08 92 CF E9 9B 55 1A E1 FF E2 16 0C F3 
2023-03-25 23:06:07 INFO  myhook.c:104: MyTeaEncrypt 加密Key: 5C 7B 8A 08 92 CF E9 9B 55 1A E1 FF E2 16 0C F3 
2023-03-25 23:06:07 INFO  myhook.c:104: MyTeaEncrypt 加密Key: 5C 7B 8A 08 92 CF E9 9B 55 1A E1 FF E2 16 0C F3 
2023-03-25 23:06:07 INFO  myhook.c:104: MyTeaEncrypt 加密Key: 5C 7B 8A 08 92 CF E9 9B 55 1A E1 FF E2 16 0C F3 
2023-03-25 23:06:07 INFO  myhook.c:104: MyTeaEncrypt 加密Key: 5C 7B 8A 08 92 CF E9 9B 55 1A E1 FF E2 16 0C F3 
2023-03-25 23:06:07 INFO  myhook.c:104: MyTeaEncrypt 加密Key: 5C 7B 8A 08 92 CF E9 9B 55 1A E1 FF E2 16 0C F3 
2023-03-25 23:06:07 INFO  myhook.c:104: MyTeaEncrypt 加密Key: 5C 7B 8A 08 92 CF E9 9B 55 1A E1 FF E2 16 0C F3 
2023-03-25 23:06:07 INFO  myhook.c:104: MyTeaEncrypt 加密Key: 5C 7B 8A 08 92 CF E9 9B 55 1A E1 FF E2 16 0C F3 
2023-03-25 23:06:07 INFO  myhook.c:104: MyTeaEncrypt 加密Key: 5C 7B 8A 08 92 CF E9 9B 55 1A E1 FF E2 16 0C F3 
2023-03-25 23:06:07 INFO  myhook.c:104: MyTeaEncrypt 加密Key: 5C 7B 8A 08 92 CF E9 9B 55 1A E1 FF E2 16 0C F3 
2023-03-25 23:06:07 INFO  myhook.c:104: MyTeaEncrypt 加密Key: 5C 7B 8A 08 92 CF E9 9B 55 1A E1 FF E2 16 0C F3 
